<?xml version="1.0" encoding="UTF-8"?>
<!-- Generated by org.testng.reporters.JUnitReportReporter -->
<testsuite hostname="LAPTOP-B4P3J0KB" name="LongestWordTest" tests="13" failures="0" timestamp="26 Nov 2019 21:17:37 GMT" time="0.013" errors="0">
  <testcase name="illegalinput" time="0.001" classname="LongestWordTest"/>
  <testcase name="positiveLength" time="0.001" classname="LongestWordTest"/>
  <testcase name="multipleWords" time="0.001" classname="LongestWordTest"/>
  <testcase name="positiveLength" time="0.001" classname="LongestWordTest"/>
  <testcase name="zerowords" time="0.001" classname="LongestWordTest"/>
  <testcase name="positiveLength" time="0.001" classname="LongestWordTest"/>
  <testcase name="multipleWords" time="0.001" classname="LongestWordTest"/>
  <testcase name="positiveLength" time="0.001" classname="LongestWordTest"/>
  <testcase name="zerowords" time="0.001" classname="LongestWordTest"/>
  <testcase name="illegalinput" time="0.001" classname="LongestWordTest"/>
  <testcase name="multipleWords" time="0.001" classname="LongestWordTest"/>
  <testcase name="multipleWords" time="0.001" classname="LongestWordTest"/>
  <testcase name="illegalinput" time="0.001" classname="LongestWordTest"/>
</testsuite> <!-- LongestWordTest -->
